/Users/nakamichikota/panasonic-checker/run-check.sh:15: command not found: node not found
/Users/nakamichikota/panasonic-checker/run-check.sh:15: command not found: node not found
/Users/nakamichikota/panasonic-checker/run-check.sh:15: command not found: node not found
/Users/nakamichikota/panasonic-checker/run-check.sh:15: command not found: node not found
/Users/nakamichikota/panasonic-checker/run-check.sh:15: command not found: node not found
/Users/nakamichikota/panasonic-checker/run-check.sh:15: command not found: node not found
/Users/nakamichikota/panasonic-checker/run-check.sh:15: command not found: node not found
実行エラー: getaddrinfo ENOTFOUND smtp.gmail.com
/Users/nakamichikota/panasonic-checker/run-check.sh:15: command not found: node not found
実行エラー: getaddrinfo ENOTFOUND smtp.gmail.com
実行エラー: getaddrinfo ENOTFOUND smtp.gmail.com
実行エラー: getaddrinfo ENOTFOUND smtp.gmail.com
実行エラー: getaddrinfo ENOTFOUND smtp.gmail.com
実行エラー: getaddrinfo ENOTFOUND smtp.gmail.com
実行エラー: getaddrinfo ENOTFOUND smtp.gmail.com
実行エラー: getaddrinfo ENOTFOUND smtp.gmail.com
実行エラー: getaddrinfo ENOTFOUND smtp.gmail.com
実行エラー: getaddrinfo ENOTFOUND smtp.gmail.com
実行エラー: getaddrinfo ENOTFOUND smtp.gmail.com
実行エラー: getaddrinfo ENOTFOUND smtp.gmail.com
実行エラー: getaddrinfo ENOTFOUND smtp.gmail.com
実行エラー: getaddrinfo ENOTFOUND smtp.gmail.com
実行エラー: getaddrinfo ENOTFOUND smtp.gmail.com
実行エラー: getaddrinfo ENOTFOUND smtp.gmail.com
実行エラー: getaddrinfo ENOTFOUND smtp.gmail.com
実行エラー: getaddrinfo ENOTFOUND smtp.gmail.com
実行エラー: getaddrinfo ENOTFOUND smtp.gmail.com
実行エラー: getaddrinfo ENOTFOUND smtp.gmail.com
実行エラー: getaddrinfo ENOTFOUND smtp.gmail.com
実行エラー: getaddrinfo ENOTFOUND smtp.gmail.com
実行エラー: getaddrinfo ENOTFOUND smtp.gmail.com
実行エラー: getaddrinfo ENOTFOUND smtp.gmail.com
実行エラー: getaddrinfo ENOTFOUND smtp.gmail.com
実行エラー: Timeout
実行エラー: getaddrinfo ENOTFOUND smtp.gmail.com
実行エラー: getaddrinfo ENOTFOUND smtp.gmail.com
実行エラー: getaddrinfo ENOTFOUND smtp.gmail.com
実行エラー: getaddrinfo ENOTFOUND smtp.gmail.com
実行エラー: getaddrinfo ENOTFOUND smtp.gmail.com
実行エラー: read ECONNRESET
実行エラー: getaddrinfo ENOTFOUND smtp.gmail.com
実行エラー: getaddrinfo ENOTFOUND smtp.gmail.com
実行エラー: browserType.launch: Timeout 180000ms exceeded.
Call log:
  - <launching> /Applications/Google Chrome.app/Contents/MacOS/Google Chrome --disable-field-trial-config --disable-background-networking --disable-background-timer-throttling --disable-backgrounding-occluded-windows --disable-back-forward-cache --disable-breakpad --disable-client-side-phishing-detection --disable-component-extensions-with-background-pages --disable-component-update --no-default-browser-check --disable-default-apps --disable-dev-shm-usage --disable-extensions --disable-features=AcceptCHFrame,AvoidUnnecessaryBeforeUnloadCheckSync,DestroyProfileOnBrowserClose,DialMediaRouteProvider,GlobalMediaControls,HttpsUpgrades,LensOverlay,MediaRouter,PaintHolding,ThirdPartyStoragePartitioning,Translate,AutoDeElevate --allow-pre-commit-input --disable-hang-monitor --disable-ipc-flooding-protection --disable-popup-blocking --disable-prompt-on-repost --disable-renderer-backgrounding --force-color-profile=srgb --metrics-recording-only --no-first-run --password-store=basic --use-mock-keychain --no-service-autorun --export-tagged-pdf --disable-search-engine-choice-screen --unsafely-disable-devtools-self-xss-warnings --edge-skip-compat-layer-relaunch --enable-automation --enable-unsafe-swiftshader --headless --hide-scrollbars --mute-audio --blink-settings=primaryHoverType=2,availableHoverTypes=2,primaryPointerType=4,availablePointerTypes=4 --no-sandbox --disable-blink-features=AutomationControlled --user-data-dir=/var/folders/ls/yl_r2vg56kzcqvk0z5wqln9c0000gp/T/playwright_chromiumdev_profile-haMWwt --remote-debugging-pipe --no-startup-window
  - <launched> pid=28928

